Copyright 1986-2016 Xilinx, Inc. All Rights Reserved.
------------------------------------------------------------------------------------
| Tool Version : Vivado v.2016.4 (win64) Build 1756540 Mon Jan 23 19:11:23 MST 2017
| Date         : Wed Jun 14 09:53:53 2017
| Host         : IT-100 running 64-bit Service Pack 1  (build 7601)
| Command      : upgrade_ip
| Device       : xc7z020clg484-1
------------------------------------------------------------------------------------

Upgrade Log for IP 'design_1_SCRs_Controller_0_1'

1. Summary
----------

CAUTION (success, with warnings) in the upgrade of design_1_SCRs_Controller_0_1 (xilinx.com:user:SCRs_Controller:1.0) from (Rev. 18) to (Rev. 19)

After upgrade, an IP may have parameter and port differences compared to the original customization. Please review the parameters within the IP customization GUI to ensure proper functionality. Also, please review the updated IP instantiation template to ensure proper connectivity, and update your design if required.

2. Connection Warnings
----------------------

Detected external port differences while upgrading 'design_1_SCRs_Controller_0_1'. These changes may impact your design.


-Upgrade has added port 'SquareWave1'

-Upgrade has added port 'SquareWave2'

-Upgrade has added port 'SquareWave3'







Copyright 1986-2016 Xilinx, Inc. All Rights Reserved.
------------------------------------------------------------------------------------
| Tool Version : Vivado v.2016.4 (win64) Build 1756540 Mon Jan 23 19:11:23 MST 2017
| Date         : Mon Jun 05 14:23:01 2017
| Host         : IT-100 running 64-bit Service Pack 1  (build 7601)
| Command      : upgrade_ip
| Device       : xc7z020clg484-1
------------------------------------------------------------------------------------

Upgrade Log for IP 'design_1_SCRs_Controller_0_1'

1. Summary
----------

SUCCESS in the upgrade of design_1_SCRs_Controller_0_1 (xilinx.com:user:SCRs_Controller:1.0) from (Rev. 16) to (Rev. 18)






Copyright 1986-2016 Xilinx, Inc. All Rights Reserved.
------------------------------------------------------------------------------------
| Tool Version : Vivado v.2016.4 (win64) Build 1756540 Mon Jan 23 19:11:23 MST 2017
| Date         : Mon Jun 05 13:47:38 2017
| Host         : IT-100 running 64-bit Service Pack 1  (build 7601)
| Command      : upgrade_ip
| Device       : xc7z020clg484-1
------------------------------------------------------------------------------------

Upgrade Log for IP 'design_1_SCRs_Controller_0_1'

1. Summary
----------

SUCCESS in the upgrade of design_1_SCRs_Controller_0_1 (xilinx.com:user:SCRs_Controller:1.0) from (Rev. 15) to (Rev. 16)






Copyright 1986-2016 Xilinx, Inc. All Rights Reserved.
------------------------------------------------------------------------------------
| Tool Version : Vivado v.2016.4 (win64) Build 1756540 Mon Jan 23 19:11:23 MST 2017
| Date         : Mon Jun 05 12:50:48 2017
| Host         : IT-100 running 64-bit Service Pack 1  (build 7601)
| Command      : upgrade_ip
| Device       : xc7z020clg484-1
------------------------------------------------------------------------------------

Upgrade Log for IP 'design_1_SCRs_Controller_0_1'

1. Summary
----------

SUCCESS in the upgrade of design_1_SCRs_Controller_0_1 (xilinx.com:user:SCRs_Controller:1.0) from (Rev. 14) to (Rev. 15)






Copyright 1986-2016 Xilinx, Inc. All Rights Reserved.
------------------------------------------------------------------------------------
| Tool Version : Vivado v.2016.4 (win64) Build 1756540 Mon Jan 23 19:11:23 MST 2017
| Date         : Mon Jun 05 12:32:33 2017
| Host         : IT-100 running 64-bit Service Pack 1  (build 7601)
| Command      : upgrade_ip
| Device       : xc7z020clg484-1
------------------------------------------------------------------------------------

Upgrade Log for IP 'design_1_SCRs_Controller_0_1'

1. Summary
----------

SUCCESS in the upgrade of design_1_SCRs_Controller_0_1 (xilinx.com:user:SCRs_Controller:1.0) from (Rev. 13) to (Rev. 14)






Copyright 1986-2016 Xilinx, Inc. All Rights Reserved.
------------------------------------------------------------------------------------
| Tool Version : Vivado v.2016.4 (win64) Build 1756540 Mon Jan 23 19:11:23 MST 2017
| Date         : Mon Jun 05 11:51:16 2017
| Host         : IT-100 running 64-bit Service Pack 1  (build 7601)
| Command      : upgrade_ip
| Device       : xc7z020clg484-1
------------------------------------------------------------------------------------

Upgrade Log for IP 'design_1_SCRs_Controller_0_1'

1. Summary
----------

SUCCESS in the upgrade of design_1_SCRs_Controller_0_1 (xilinx.com:user:SCRs_Controller:1.0) from (Rev. 12) to (Rev. 13)






Copyright 1986-2016 Xilinx, Inc. All Rights Reserved.
------------------------------------------------------------------------------------
| Tool Version : Vivado v.2016.4 (win64) Build 1756540 Mon Jan 23 19:11:23 MST 2017
| Date         : Fri Jun 02 17:36:09 2017
| Host         : IT-100 running 64-bit Service Pack 1  (build 7601)
| Command      : upgrade_ip
| Device       : xc7z020clg484-1
------------------------------------------------------------------------------------

Upgrade Log for IP 'design_1_SCRs_Controller_0_1'

1. Summary
----------

SUCCESS in the upgrade of design_1_SCRs_Controller_0_1 (xilinx.com:user:SCRs_Controller:1.0) from (Rev. 11) to (Rev. 12)






Copyright 1986-2016 Xilinx, Inc. All Rights Reserved.
------------------------------------------------------------------------------------
| Tool Version : Vivado v.2016.4 (win64) Build 1756540 Mon Jan 23 19:11:23 MST 2017
| Date         : Fri Jun 02 16:53:43 2017
| Host         : IT-100 running 64-bit Service Pack 1  (build 7601)
| Command      : upgrade_ip
| Device       : xc7z020clg484-1
------------------------------------------------------------------------------------

Upgrade Log for IP 'design_1_SCRs_Controller_0_1'

1. Summary
----------

SUCCESS in the upgrade of design_1_SCRs_Controller_0_1 (xilinx.com:user:SCRs_Controller:1.0) from (Rev. 10) to (Rev. 11)






Copyright 1986-2016 Xilinx, Inc. All Rights Reserved.
------------------------------------------------------------------------------------
| Tool Version : Vivado v.2016.4 (win64) Build 1756540 Mon Jan 23 19:11:23 MST 2017
| Date         : Fri Jun 02 16:40:38 2017
| Host         : IT-100 running 64-bit Service Pack 1  (build 7601)
| Command      : upgrade_ip
| Device       : xc7z020clg484-1
------------------------------------------------------------------------------------

Upgrade Log for IP 'design_1_SCRs_Controller_0_1'

1. Summary
----------

SUCCESS in the update of design_1_SCRs_Controller_0_1 (xilinx.com:user:SCRs_Controller:1.0 (Rev. 10)) to current project options.






Copyright 1986-2016 Xilinx, Inc. All Rights Reserved.
------------------------------------------------------------------------------------
| Tool Version : Vivado v.2016.4 (win64) Build 1756540 Mon Jan 23 19:11:23 MST 2017
| Date         : Fri Jun 02 16:39:52 2017
| Host         : IT-100 running 64-bit Service Pack 1  (build 7601)
| Command      : upgrade_ip
| Device       : xc7z020clg484-1
------------------------------------------------------------------------------------

Upgrade Log for IP 'design_1_SCRs_Controller_0_1'

1. Summary
----------

SUCCESS in the upgrade of design_1_SCRs_Controller_0_1 (xilinx.com:user:SCRs_Controller:1.0) from (Rev. 9) to (Rev. 10)






Copyright 1986-2016 Xilinx, Inc. All Rights Reserved.
------------------------------------------------------------------------------------
| Tool Version : Vivado v.2016.4 (win64) Build 1756540 Mon Jan 23 19:11:23 MST 2017
| Date         : Fri Jun 02 16:36:19 2017
| Host         : IT-100 running 64-bit Service Pack 1  (build 7601)
| Command      : upgrade_ip
| Device       : xc7z020clg484-1
------------------------------------------------------------------------------------

Upgrade Log for IP 'design_1_SCRs_Controller_0_1'

1. Summary
----------

CAUTION (success, with warnings) in the upgrade of design_1_SCRs_Controller_0_1 (xilinx.com:user:SCRs_Controller:1.0) from (Rev. 7) to (Rev. 9)

After upgrade, an IP may have parameter and port differences compared to the original customization. Please review the parameters within the IP customization GUI to ensure proper functionality. Also, please review the updated IP instantiation template to ensure proper connectivity, and update your design if required.

2. Interface Information
------------------------

Detected external interface differences while upgrading 'design_1_SCRs_Controller_0_1'.


-Upgrade has added interface 'clock' (xilinx.com:signal:clock:1.0)

-Upgrade has added interface 'reset' (xilinx.com:signal:reset:1.0)


3. Connection Warnings
----------------------

Detected external port differences while upgrading 'design_1_SCRs_Controller_0_1'. These changes may impact your design.


-Upgrade has added port 'clock'

-Upgrade has added port 'reset'







Copyright 1986-2016 Xilinx, Inc. All Rights Reserved.
------------------------------------------------------------------------------------
| Tool Version : Vivado v.2016.4 (win64) Build 1756540 Mon Jan 23 19:11:23 MST 2017
| Date         : Fri Jun 02 16:34:11 2017
| Host         : IT-100 running 64-bit Service Pack 1  (build 7601)
| Command      : upgrade_ip
| Device       : xc7z020clg484-1
------------------------------------------------------------------------------------

Upgrade Log for IP 'design_1_SCRs_Controller_0_0'

1. Summary
----------

SUCCESS in the upgrade of design_1_SCRs_Controller_0_0 (xilinx.com:user:SCRs_Controller:1.0) from (Rev. 6) to (Rev. 7)






Copyright 1986-2016 Xilinx, Inc. All Rights Reserved.
------------------------------------------------------------------------------------
| Tool Version : Vivado v.2016.4 (win64) Build 1756540 Mon Jan 23 19:11:23 MST 2017
| Date         : Fri Jun 02 16:03:22 2017
| Host         : IT-100 running 64-bit Service Pack 1  (build 7601)
| Command      : upgrade_ip
| Device       : xc7z020clg484-1
------------------------------------------------------------------------------------

Upgrade Log for IP 'design_1_SCRs_Controller_0_0'

1. Summary
----------

SUCCESS in the upgrade of design_1_SCRs_Controller_0_0 (xilinx.com:user:SCRs_Controller:1.0) from (Rev. 5) to (Rev. 6)






Copyright 1986-2016 Xilinx, Inc. All Rights Reserved.
------------------------------------------------------------------------------------
| Tool Version : Vivado v.2016.4 (win64) Build 1756540 Mon Jan 23 19:11:23 MST 2017
| Date         : Fri Jun 02 16:00:28 2017
| Host         : IT-100 running 64-bit Service Pack 1  (build 7601)
| Command      : upgrade_ip
| Device       : xc7z020clg484-1
------------------------------------------------------------------------------------

Upgrade Log for IP 'design_1_SCRs_Controller_0_0'

1. Summary
----------

SUCCESS in the upgrade of design_1_SCRs_Controller_0_0 (xilinx.com:user:SCRs_Controller:1.0) from (Rev. 4) to (Rev. 5)






Copyright 1986-2016 Xilinx, Inc. All Rights Reserved.
------------------------------------------------------------------------------------
| Tool Version : Vivado v.2016.4 (win64) Build 1756540 Mon Jan 23 19:11:23 MST 2017
| Date         : Fri Jun 02 15:52:37 2017
| Host         : IT-100 running 64-bit Service Pack 1  (build 7601)
| Command      : upgrade_ip
| Device       : xc7z020clg484-1
------------------------------------------------------------------------------------

Upgrade Log for IP 'design_1_SCRs_Controller_0_0'

1. Summary
----------

SUCCESS in the upgrade of design_1_SCRs_Controller_0_0 (xilinx.com:user:SCRs_Controller:1.0) from (Rev. 3) to (Rev. 4)






Copyright 1986-2016 Xilinx, Inc. All Rights Reserved.
------------------------------------------------------------------------------------
| Tool Version : Vivado v.2016.4 (win64) Build 1756540 Mon Jan 23 19:11:23 MST 2017
| Date         : Fri Jun 02 10:58:21 2017
| Host         : IT-100 running 64-bit Service Pack 1  (build 7601)
| Command      : upgrade_ip
| Device       : xc7z020clg484-1
------------------------------------------------------------------------------------

Upgrade Log for IP 'design_1_SCRs_Controller_0_0'

1. Summary
----------

CAUTION (success, with warnings) in the upgrade of design_1_SCRs_Controller_0_0 (xilinx.com:user:SCRs_Controller:1.0) from (Rev. 2) to (Rev. 3)

After upgrade, an IP may have parameter and port differences compared to the original customization. Please review the parameters within the IP customization GUI to ensure proper functionality. Also, please review the updated IP instantiation template to ensure proper connectivity, and update your design if required.

2. Connection Warnings
----------------------

Detected external port differences while upgrading 'design_1_SCRs_Controller_0_0'. These changes may impact your design.


-Upgrade has added port 'LED'

-Upgrade has added port 'Thyristors'


